<?xml version="1.0" encoding="UTF-8"?>
<!-- Generated by org.testng.reporters.JUnitReportReporter -->
<testsuite skipped="13" hostname="Sivadass-Kob-Machine" name="Elite_Search.Elite_Search.searchTest" tests="14" failures="0" timestamp="15 Oct 2019 06:48:44 GMT" time="4.988" errors="1">
  <testcase name="login" time="0.000" classname="Elite_Search.Elite_Search.searchTest">
    <skipped/>
  </testcase> <!-- login -->
  <testcase name="launch" time="4.988" classname="Elite_Search.Elite_Search.searchTest">
    <error type="org.openqa.selenium.SessionNotCreatedException" message="session not created: This version of ChromeDriver only supports Chrome version 75
Build info: version: &#039;3.14.0&#039;, revision: &#039;aacccce0&#039;, time: &#039;2018-08-02T20:19:58.91Z&#039;
System info: host: &#039;SIVADASS-KOB-MA&#039;, ip: &#039;192.168.1.10&#039;, os.name: &#039;Windows 10&#039;, os.arch: &#039;amd64&#039;, os.version: &#039;10.0&#039;, java.version: &#039;1.8.0_201&#039;
Driver info: driver.version: ChromeDriver
remote stacktrace: Backtrace:
	Ordinal0 [0x00781B43+1448771]
	Ordinal0 [0x00705A31+940593]
	Ordinal0 [0x00692293+467603]
	Ordinal0 [0x0062F27E+62078]
	Ordinal0 [0x0062BBBD+48061]
	Ordinal0 [0x00648D09+167177]
	Ordinal0 [0x006488DD+166109]
	Ordinal0 [0x00646FEB+159723]
	Ordinal0 [0x006309F6+68086]
	Ordinal0 [0x00631990+72080]
	Ordinal0 [0x00631929+71977]
	GetHandleVerifier [0x008C2E8C+1172172]
	GetHandleVerifier [0x0081FE55+504469]
	GetHandleVerifier [0x0081FBF0+503856]
	Ordinal0 [0x0078C9C8+1493448]
	GetHandleVerifier [0x0082062A+506474]
	Ordinal0 [0x00717156+1012054]
	Ordinal0 [0x00716FCF+1011663]
	Ordinal0 [0x0072135B+1053531]
	Ordinal0 [0x007214C3+1053891]
	Ordinal0 [0x007204F5+1049845]
	BaseThreadInitThunk [0x76D96359+25]
	RtlGetAppContainerNamedObjectPath [0x76F57B74+228]
	RtlGetAppContainerNamedObjectPath [0x76F57B44+180]
">
      <![CDATA[org.openqa.selenium.SessionNotCreatedException: session not created: This version of ChromeDriver only supports Chrome version 75
Build info: version: '3.14.0', revision: 'aacccce0', time: '2018-08-02T20:19:58.91Z'
System info: host: 'SIVADASS-KOB-MA', ip: '192.168.1.10', os.name: 'Windows 10', os.arch: 'amd64', os.version: '10.0', java.version: '1.8.0_201'
Driver info: driver.version: ChromeDriver
remote stacktrace: Backtrace:
Ordinal0 [0x00781B43+1448771]
Ordinal0 [0x00705A31+940593]
Ordinal0 [0x00692293+467603]
Ordinal0 [0x0062F27E+62078]
Ordinal0 [0x0062BBBD+48061]
Ordinal0 [0x00648D09+167177]
Ordinal0 [0x006488DD+166109]
Ordinal0 [0x00646FEB+159723]
Ordinal0 [0x006309F6+68086]
Ordinal0 [0x00631990+72080]
Ordinal0 [0x00631929+71977]
GetHandleVerifier [0x008C2E8C+1172172]
GetHandleVerifier [0x0081FE55+504469]
GetHandleVerifier [0x0081FBF0+503856]
Ordinal0 [0x0078C9C8+1493448]
GetHandleVerifier [0x0082062A+506474]
Ordinal0 [0x00717156+1012054]
Ordinal0 [0x00716FCF+1011663]
Ordinal0 [0x0072135B+1053531]
Ordinal0 [0x007214C3+1053891]
Ordinal0 [0x007204F5+1049845]
BaseThreadInitThunk [0x76D96359+25]
RtlGetAppContainerNamedObjectPath [0x76F57B74+228]
RtlGetAppContainerNamedObjectPath [0x76F57B44+180]

at sun.reflect.NativeConstructorAccessorImpl.newInstance0(Native Method)
at sun.reflect.NativeConstructorAccessorImpl.newInstance(NativeConstructorAccessorImpl.java:62)
at sun.reflect.DelegatingConstructorAccessorImpl.newInstance(DelegatingConstructorAccessorImpl.java:45)
at java.lang.reflect.Constructor.newInstance(Constructor.java:423)
at org.openqa.selenium.remote.W3CHandshakeResponse.lambda$new$0(W3CHandshakeResponse.java:57)
at org.openqa.selenium.remote.W3CHandshakeResponse.lambda$getResponseFunction$2(W3CHandshakeResponse.java:104)
at org.openqa.selenium.remote.ProtocolHandshake.lambda$createSession$0(ProtocolHandshake.java:122)
at java.util.stream.ReferencePipeline$3$1.accept(ReferencePipeline.java:193)
at java.util.Spliterators$ArraySpliterator.tryAdvance(Spliterators.java:958)
at java.util.stream.ReferencePipeline.forEachWithCancel(ReferencePipeline.java:126)
at java.util.stream.AbstractPipeline.copyIntoWithCancel(AbstractPipeline.java:498)
at java.util.stream.AbstractPipeline.copyInto(AbstractPipeline.java:485)
at java.util.stream.AbstractPipeline.wrapAndCopyInto(AbstractPipeline.java:471)
at java.util.stream.FindOps$FindOp.evaluateSequential(FindOps.java:152)
at java.util.stream.AbstractPipeline.evaluate(AbstractPipeline.java:234)
at java.util.stream.ReferencePipeline.findFirst(ReferencePipeline.java:464)
at org.openqa.selenium.remote.ProtocolHandshake.createSession(ProtocolHandshake.java:125)
at org.openqa.selenium.remote.ProtocolHandshake.createSession(ProtocolHandshake.java:73)
at org.openqa.selenium.remote.HttpCommandExecutor.execute(HttpCommandExecutor.java:136)
at org.openqa.selenium.remote.service.DriverCommandExecutor.execute(DriverCommandExecutor.java:83)
at org.openqa.selenium.remote.RemoteWebDriver.execute(RemoteWebDriver.java:548)
at org.openqa.selenium.remote.RemoteWebDriver.startSession(RemoteWebDriver.java:212)
at org.openqa.selenium.remote.RemoteWebDriver.<init>(RemoteWebDriver.java:130)
at org.openqa.selenium.chrome.ChromeDriver.<init>(ChromeDriver.java:181)
at org.openqa.selenium.chrome.ChromeDriver.<init>(ChromeDriver.java:168)
at org.openqa.selenium.chrome.ChromeDriver.<init>(ChromeDriver.java:123)
at Elite_Search.Elite_Search.searchmethod.launching(searchmethod.java:28)
at Elite_Search.Elite_Search.searchTest.launch(searchTest.java:14)
at sun.reflect.NativeMethodAccessorImpl.invoke0(Native Method)
at sun.reflect.NativeMethodAccessorImpl.invoke(NativeMethodAccessorImpl.java:62)
at sun.reflect.DelegatingMethodAccessorImpl.invoke(DelegatingMethodAccessorImpl.java:43)
at java.lang.reflect.Method.invoke(Method.java:498)
at org.testng.internal.MethodInvocationHelper.invokeMethod(MethodInvocationHelper.java:124)
at org.testng.internal.MethodInvocationHelper.invokeMethodConsideringTimeout(MethodInvocationHelper.java:59)
at org.testng.internal.Invoker.invokeConfigurationMethod(Invoker.java:458)
at org.testng.internal.Invoker.invokeConfigurations(Invoker.java:222)
at org.testng.internal.Invoker.invokeConfigurations(Invoker.java:142)
at org.testng.TestRunner.beforeRun(TestRunner.java:529)
at org.testng.TestRunner.run(TestRunner.java:497)
at org.testng.SuiteRunner.runTest(SuiteRunner.java:455)
at org.testng.SuiteRunner.runSequentially(SuiteRunner.java:450)
at org.testng.SuiteRunner.privateRun(SuiteRunner.java:415)
at org.testng.SuiteRunner.run(SuiteRunner.java:364)
at org.testng.SuiteRunnerWorker.runSuite(SuiteRunnerWorker.java:52)
at org.testng.SuiteRunnerWorker.run(SuiteRunnerWorker.java:84)
at org.testng.TestNG.runSuitesSequentially(TestNG.java:1208)
at org.testng.TestNG.runSuitesLocally(TestNG.java:1137)
at org.testng.TestNG.runSuites(TestNG.java:1049)
at org.testng.TestNG.run(TestNG.java:1017)
at org.testng.remote.AbstractRemoteTestNG.run(AbstractRemoteTestNG.java:114)
at org.testng.remote.RemoteTestNG.initAndRun(RemoteTestNG.java:251)
at org.testng.remote.RemoteTestNG.main(RemoteTestNG.java:77)
]]>
    </error>
  </testcase> <!-- launch -->
  <testcase name="search" time="0.000" classname="Elite_Search.Elite_Search.searchTest">
    <skipped/>
  </testcase> <!-- search -->
  <testcase name="catagory" time="0.000" classname="Elite_Search.Elite_Search.searchTest">
    <skipped/>
  </testcase> <!-- catagory -->
  <testcase name="Brand" time="0.000" classname="Elite_Search.Elite_Search.searchTest">
    <skipped/>
  </testcase> <!-- Brand -->
  <testcase name="pricefilter" time="0.000" classname="Elite_Search.Elite_Search.searchTest">
    <skipped/>
  </testcase> <!-- pricefilter -->
  <testcase name="sortfilter" time="0.000" classname="Elite_Search.Elite_Search.searchTest">
    <skipped/>
  </testcase> <!-- sortfilter -->
  <testcase name="ALLfiltercases" time="0.000" classname="Elite_Search.Elite_Search.searchTest">
    <skipped/>
  </testcase> <!-- ALLfiltercases -->
  <testcase name="Price_Brand" time="0.000" classname="Elite_Search.Elite_Search.searchTest">
    <skipped/>
  </testcase> <!-- Price_Brand -->
  <testcase name="Price_Sort" time="0.000" classname="Elite_Search.Elite_Search.searchTest">
    <skipped/>
  </testcase> <!-- Price_Sort -->
  <testcase name="Brand_Price" time="0.000" classname="Elite_Search.Elite_Search.searchTest">
    <skipped/>
  </testcase> <!-- Brand_Price -->
  <testcase name="Brand_Sort" time="0.000" classname="Elite_Search.Elite_Search.searchTest">
    <skipped/>
  </testcase> <!-- Brand_Sort -->
  <testcase name="Sort_Brand" time="0.000" classname="Elite_Search.Elite_Search.searchTest">
    <skipped/>
  </testcase> <!-- Sort_Brand -->
  <testcase name="Sort_Price" time="0.000" classname="Elite_Search.Elite_Search.searchTest">
    <skipped/>
  </testcase> <!-- Sort_Price -->
</testsuite> <!-- Elite_Search.Elite_Search.searchTest -->
